[2015-01-11 00:04:22] production.ERROR: exception 'Symfony\Component\HttpKernel\Exception\MethodNotAllowedHttpException' in C:\xampp\htdocs\gov\vendor\laravel\framework\src\Illuminate\Routing\RouteCollection.php:210
Stack trace:
#0 C:\xampp\htdocs\gov\vendor\laravel\framework\src\Illuminate\Routing\RouteCollection.php(197): Illuminate\Routing\RouteCollection->methodNotAllowed(Array)
#1 C:\xampp\htdocs\gov\vendor\laravel\framework\src\Illuminate\Routing\RouteCollection.php(145): Illuminate\Routing\RouteCollection->getOtherMethodsRoute(Object(Illuminate\Http\Request), Array)
#2 C:\xampp\htdocs\gov\vendor\laravel\framework\src\Illuminate\Routing\Router.php(1049): Illuminate\Routing\RouteCollection->match(Object(Illuminate\Http\Request))
#3 C:\xampp\htdocs\gov\vendor\laravel\framework\src\Illuminate\Routing\Router.php(1017): Illuminate\Routing\Router->findRoute(Object(Illuminate\Http\Request))
#4 C:\xampp\htdocs\gov\vendor\laravel\framework\src\Illuminate\Routing\Router.php(996): Illuminate\Routing\Router->dispatchToRoute(Object(Illuminate\Http\Request))
#5 C:\xampp\htdocs\gov\vendor\laravel\framework\src\Illuminate\Foundation\Application.php(775): Illuminate\Routing\Router->dispatch(Object(Illuminate\Http\Request))
#6 C:\xampp\htdocs\gov\vendor\laravel\framework\src\Illuminate\Foundation\Application.php(745): Illuminate\Foundation\Application->dispatch(Object(Illuminate\Http\Request))
#7 C:\xampp\htdocs\gov\vendor\laravel\framework\src\Illuminate\Session\Middleware.php(72): Illuminate\Foundation\Application->handle(Object(Illuminate\Http\Request), 1, true)
#8 C:\xampp\htdocs\gov\vendor\laravel\framework\src\Illuminate\Cookie\Queue.php(47): Illuminate\Session\Middleware->handle(Object(Illuminate\Http\Request), 1, true)
#9 C:\xampp\htdocs\gov\vendor\laravel\framework\src\Illuminate\Cookie\Guard.php(51): Illuminate\Cookie\Queue->handle(Object(Illuminate\Http\Request), 1, true)
#10 C:\xampp\htdocs\gov\vendor\stack\builder\src\Stack\StackedHttpKernel.php(23): Illuminate\Cookie\Guard->handle(Object(Illuminate\Http\Request), 1, true)
#11 C:\xampp\htdocs\gov\vendor\laravel\framework\src\Illuminate\Foundation\Application.php(641): Stack\StackedHttpKernel->handle(Object(Illuminate\Http\Request))
#12 C:\xampp\htdocs\gov\public\index.php(49): Illuminate\Foundation\Application->run()
#13 {main} [] []
[2015-01-11 00:07:36] production.ERROR: exception 'PDOException' with message 'SQLSTATE[42S22]: Column not found: 1054 Unknown column 'ranks.govt_id' in 'where clause'' in C:\xampp\htdocs\gov\vendor\laravel\framework\src\Illuminate\Database\Connection.php:299
Stack trace:
#0 C:\xampp\htdocs\gov\vendor\laravel\framework\src\Illuminate\Database\Connection.php(299): PDO->prepare('select * from `...')
#1 C:\xampp\htdocs\gov\vendor\laravel\framework\src\Illuminate\Database\Connection.php(617): Illuminate\Database\Connection->Illuminate\Database\{closure}(Object(Illuminate\Database\MySqlConnection), 'select * from `...', Array)
#2 C:\xampp\htdocs\gov\vendor\laravel\framework\src\Illuminate\Database\Connection.php(581): Illuminate\Database\Connection->runQueryCallback('select * from `...', Array, Object(Closure))
#3 C:\xampp\htdocs\gov\vendor\laravel\framework\src\Illuminate\Database\Connection.php(304): Illuminate\Database\Connection->run('select * from `...', Array, Object(Closure))
#4 C:\xampp\htdocs\gov\vendor\laravel\framework\src\Illuminate\Database\Query\Builder.php(1398): Illuminate\Database\Connection->select('select * from `...', Array)
#5 C:\xampp\htdocs\gov\vendor\laravel\framework\src\Illuminate\Database\Query\Builder.php(1383): Illuminate\Database\Query\Builder->runSelect()
#6 C:\xampp\htdocs\gov\vendor\laravel\framework\src\Illuminate\Database\Query\Builder.php(1370): Illuminate\Database\Query\Builder->getFresh(Array)
#7 C:\xampp\htdocs\gov\vendor\laravel\framework\src\Illuminate\Database\Eloquent\Builder.php(411): Illuminate\Database\Query\Builder->get(Array)
#8 C:\xampp\htdocs\gov\vendor\laravel\framework\src\Illuminate\Database\Eloquent\Builder.php(151): Illuminate\Database\Eloquent\Builder->getModels(Array)
#9 C:\xampp\htdocs\gov\vendor\laravel\framework\src\Illuminate\Database\Eloquent\Relations\HasMany.php(14): Illuminate\Database\Eloquent\Builder->get()
#10 C:\xampp\htdocs\gov\vendor\laravel\framework\src\Illuminate\Database\Eloquent\Model.php(2502): Illuminate\Database\Eloquent\Relations\HasMany->getResults()
#11 C:\xampp\htdocs\gov\vendor\laravel\framework\src\Illuminate\Database\Eloquent\Model.php(2436): Illuminate\Database\Eloquent\Model->getRelationshipFromMethod('additionalQuali...', 'additionalQuali...')
#12 C:\xampp\htdocs\gov\vendor\laravel\framework\src\Illuminate\Database\Eloquent\Model.php(3010): Illuminate\Database\Eloquent\Model->getAttribute('additionalQuali...')
#13 C:\xampp\htdocs\gov\app\controllers\AdditionalQualificationHistoryController.php(9): Illuminate\Database\Eloquent\Model->__get('additionalQuali...')
#14 [internal function]: AdditionalQualificationHistoryController->index('1')
#15 C:\xampp\htdocs\gov\vendor\laravel\framework\src\Illuminate\Routing\Controller.php(231): call_user_func_array(Array, Array)
#16 C:\xampp\htdocs\gov\vendor\laravel\framework\src\Illuminate\Routing\ControllerDispatcher.php(93): Illuminate\Routing\Controller->callAction('index', Array)
#17 C:\xampp\htdocs\gov\vendor\laravel\framework\src\Illuminate\Routing\ControllerDispatcher.php(62): Illuminate\Routing\ControllerDispatcher->call(Object(AdditionalQualificationHistoryController), Object(Illuminate\Routing\Route), 'index')
#18 C:\xampp\htdocs\gov\vendor\laravel\framework\src\Illuminate\Routing\Router.php(962): Illuminate\Routing\ControllerDispatcher->dispatch(Object(Illuminate\Routing\Route), Object(Illuminate\Http\Request), 'AdditionalQuali...', 'index')
#19 [internal function]: Illuminate\Routing\Router->Illuminate\Routing\{closure}('1')
#20 C:\xampp\htdocs\gov\vendor\laravel\framework\src\Illuminate\Routing\Route.php(109): call_user_func_array(Object(Closure), Array)
#21 C:\xampp\htdocs\gov\vendor\laravel\framework\src\Illuminate\Routing\Router.php(1028): Illuminate\Routing\Route->run(Object(Illuminate\Http\Request))
#22 C:\xampp\htdocs\gov\vendor\laravel\framework\src\Illuminate\Routing\Router.php(996): Illuminate\Routing\Router->dispatchToRoute(Object(Illuminate\Http\Request))
#23 C:\xampp\htdocs\gov\vendor\laravel\framework\src\Illuminate\Foundation\Application.php(775): Illuminate\Routing\Router->dispatch(Object(Illuminate\Http\Request))
#24 C:\xampp\htdocs\gov\vendor\laravel\framework\src\Illuminate\Foundation\Application.php(745): Illuminate\Foundation\Application->dispatch(Object(Illuminate\Http\Request))
#25 C:\xampp\htdocs\gov\vendor\laravel\framework\src\Illuminate\Session\Middleware.php(72): Illuminate\Foundation\Application->handle(Object(Illuminate\Http\Request), 1, true)
#26 C:\xampp\htdocs\gov\vendor\laravel\framework\src\Illuminate\Cookie\Queue.php(47): Illuminate\Session\Middleware->handle(Object(Illuminate\Http\Request), 1, true)
#27 C:\xampp\htdocs\gov\vendor\laravel\framework\src\Illuminate\Cookie\Guard.php(51): Illuminate\Cookie\Queue->handle(Object(Illuminate\Http\Request), 1, true)
#28 C:\xampp\htdocs\gov\vendor\stack\builder\src\Stack\StackedHttpKernel.php(23): Illuminate\Cookie\Guard->handle(Object(Illuminate\Http\Request), 1, true)
#29 C:\xampp\htdocs\gov\vendor\laravel\framework\src\Illuminate\Foundation\Application.php(641): Stack\StackedHttpKernel->handle(Object(Illuminate\Http\Request))
#30 C:\xampp\htdocs\gov\public\index.php(49): Illuminate\Foundation\Application->run()
#31 {main}

Next exception 'Illuminate\Database\QueryException' with message 'SQLSTATE[42S22]: Column not found: 1054 Unknown column 'ranks.govt_id' in 'where clause' (SQL: select * from `ranks` where `ranks`.`govt_id` = 123)' in C:\xampp\htdocs\gov\vendor\laravel\framework\src\Illuminate\Database\Connection.php:625
Stack trace:
#0 C:\xampp\htdocs\gov\vendor\laravel\framework\src\Illuminate\Database\Connection.php(581): Illuminate\Database\Connection->runQueryCallback('select * from `...', Array, Object(Closure))
#1 C:\xampp\htdocs\gov\vendor\laravel\framework\src\Illuminate\Database\Connection.php(304): Illuminate\Database\Connection->run('select * from `...', Array, Object(Closure))
#2 C:\xampp\htdocs\gov\vendor\laravel\framework\src\Illuminate\Database\Query\Builder.php(1398): Illuminate\Database\Connection->select('select * from `...', Array)
#3 C:\xampp\htdocs\gov\vendor\laravel\framework\src\Illuminate\Database\Query\Builder.php(1383): Illuminate\Database\Query\Builder->runSelect()
#4 C:\xampp\htdocs\gov\vendor\laravel\framework\src\Illuminate\Database\Query\Builder.php(1370): Illuminate\Database\Query\Builder->getFresh(Array)
#5 C:\xampp\htdocs\gov\vendor\laravel\framework\src\Illuminate\Database\Eloquent\Builder.php(411): Illuminate\Database\Query\Builder->get(Array)
#6 C:\xampp\htdocs\gov\vendor\laravel\framework\src\Illuminate\Database\Eloquent\Builder.php(151): Illuminate\Database\Eloquent\Builder->getModels(Array)
#7 C:\xampp\htdocs\gov\vendor\laravel\framework\src\Illuminate\Database\Eloquent\Relations\HasMany.php(14): Illuminate\Database\Eloquent\Builder->get()
#8 C:\xampp\htdocs\gov\vendor\laravel\framework\src\Illuminate\Database\Eloquent\Model.php(2502): Illuminate\Database\Eloquent\Relations\HasMany->getResults()
#9 C:\xampp\htdocs\gov\vendor\laravel\framework\src\Illuminate\Database\Eloquent\Model.php(2436): Illuminate\Database\Eloquent\Model->getRelationshipFromMethod('additionalQuali...', 'additionalQuali...')
#10 C:\xampp\htdocs\gov\vendor\laravel\framework\src\Illuminate\Database\Eloquent\Model.php(3010): Illuminate\Database\Eloquent\Model->getAttribute('additionalQuali...')
#11 C:\xampp\htdocs\gov\app\controllers\AdditionalQualificationHistoryController.php(9): Illuminate\Database\Eloquent\Model->__get('additionalQuali...')
#12 [internal function]: AdditionalQualificationHistoryController->index('1')
#13 C:\xampp\htdocs\gov\vendor\laravel\framework\src\Illuminate\Routing\Controller.php(231): call_user_func_array(Array, Array)
#14 C:\xampp\htdocs\gov\vendor\laravel\framework\src\Illuminate\Routing\ControllerDispatcher.php(93): Illuminate\Routing\Controller->callAction('index', Array)
#15 C:\xampp\htdocs\gov\vendor\laravel\framework\src\Illuminate\Routing\ControllerDispatcher.php(62): Illuminate\Routing\ControllerDispatcher->call(Object(AdditionalQualificationHistoryController), Object(Illuminate\Routing\Route), 'index')
#16 C:\xampp\htdocs\gov\vendor\laravel\framework\src\Illuminate\Routing\Router.php(962): Illuminate\Routing\ControllerDispatcher->dispatch(Object(Illuminate\Routing\Route), Object(Illuminate\Http\Request), 'AdditionalQuali...', 'index')
#17 [internal function]: Illuminate\Routing\Router->Illuminate\Routing\{closure}('1')
#18 C:\xampp\htdocs\gov\vendor\laravel\framework\src\Illuminate\Routing\Route.php(109): call_user_func_array(Object(Closure), Array)
#19 C:\xampp\htdocs\gov\vendor\laravel\framework\src\Illuminate\Routing\Router.php(1028): Illuminate\Routing\Route->run(Object(Illuminate\Http\Request))
#20 C:\xampp\htdocs\gov\vendor\laravel\framework\src\Illuminate\Routing\Router.php(996): Illuminate\Routing\Router->dispatchToRoute(Object(Illuminate\Http\Request))
#21 C:\xampp\htdocs\gov\vendor\laravel\framework\src\Illuminate\Foundation\Application.php(775): Illuminate\Routing\Router->dispatch(Object(Illuminate\Http\Request))
#22 C:\xampp\htdocs\gov\vendor\laravel\framework\src\Illuminate\Foundation\Application.php(745): Illuminate\Foundation\Application->dispatch(Object(Illuminate\Http\Request))
#23 C:\xampp\htdocs\gov\vendor\laravel\framework\src\Illuminate\Session\Middleware.php(72): Illuminate\Foundation\Application->handle(Object(Illuminate\Http\Request), 1, true)
#24 C:\xampp\htdocs\gov\vendor\laravel\framework\src\Illuminate\Cookie\Queue.php(47): Illuminate\Session\Middleware->handle(Object(Illuminate\Http\Request), 1, true)
#25 C:\xampp\htdocs\gov\vendor\laravel\framework\src\Illuminate\Cookie\Guard.php(51): Illuminate\Cookie\Queue->handle(Object(Illuminate\Http\Request), 1, true)
#26 C:\xampp\htdocs\gov\vendor\stack\builder\src\Stack\StackedHttpKernel.php(23): Illuminate\Cookie\Guard->handle(Object(Illuminate\Http\Request), 1, true)
#27 C:\xampp\htdocs\gov\vendor\laravel\framework\src\Illuminate\Foundation\Application.php(641): Stack\StackedHttpKernel->handle(Object(Illuminate\Http\Request))
#28 C:\xampp\htdocs\gov\public\index.php(49): Illuminate\Foundation\Application->run()
#29 {main} [] []
